2025-03-10 10:01:58,407 - log - ERROR - Failed to upload media: ['assets/whiterose_v3_holding_hands.gif']: Failed to send request: ('Connection aborted.', TimeoutError('The write operation timed out'))
2025-03-10 18:02:56,120 - log - ERROR - Failed to upload media: ['assets/whiterose_weiss???_ruby???.mp4']: Failed to send request: HTTPSConnectionPool(host='upload.twitter.com', port=443): Read timed out. (read timeout=60)
2025-05-02 02:00:56,905 - log - ERROR - Failed to upload media: ['assets/whiterose_pencils.jpg']: 526 
2025-05-02 06:01:00,746 - log - ERROR - Failed to upload media: ['assets/whiterose_angst_v8.mp4']: 526 
2025-05-02 08:00:58,558 - log - ERROR - Failed to upload media: ['assets/whiterose_v7_atlas_looking_at_each_other.png']: 526 
2025-05-24 12:01:01,973 - log - ERROR - Failed to upload media: ['assets/WhiteRoseTipsPoint.jpg']: 503 Service Unavailable
Service Unavailable
2025-05-24 14:01:04,420 - log - ERROR - Failed to upload media: ['assets/whiterose_v9_before_comforting_each_other_in_v9.jpg']: 503 Service Unavailable
Service Unavailable
2025-09-03 22:00:59,254 - log - ERROR - Failed to upload media: ['assets/whiterose_v7.webp']: 500 Internal Server Error
2025-11-18 12:00:38,872 - log - ERROR - Failed to upload media: ['assets/whiterose_jl_part_1_hug/whiterose_ruby_sparkling_eyes_glad_to_see_weiss.jpeg', 'assets/whiterose_jl_part_1_hug/whiterose_justice_league_jump_hug.jpeg', 'assets/whiterose_jl_part_1_hug/whiterose_justice_league_hug.jpeg', 'assets/whiterose_jl_part_1_hug/whiterose_jl_part_1_hug_weiss_with_closed_eyes.jpeg']: 500 Internal Server Error
2025-11-18 14:00:39,599 - log - ERROR - Failed to upload media: ['assets/whiterose_chibi_opening.jpeg']: 500 Internal Server Error
2025-12-16 16:00:45,605 - log - ERROR - Failed to upload media: ['assets/whiterose_v9_chess_battle.jpg']: 403 Forbidden
2025-12-26 12:00:45,821 - log - ERROR - Failed to upload media: ['assets/whiterose_hugging_and_crying_v1.gif']: 403 Forbidden
2025-12-26 16:00:48,806 - log - ERROR - Failed to upload media: ['assets/whiterose_v6_opening_running.gif']: 403 Forbidden
2025-12-27 02:00:45,870 - log - ERROR - Failed to upload media: ['assets/whiterose_its_a_combat_skirt.gif']: 403 Forbidden
2025-12-27 04:00:46,088 - log - ERROR - Failed to upload media: ['assets/whiterose.png']: 403 Forbidden
2025-12-27 18:00:45,126 - log - ERROR - Failed to upload media: ['assets/whiterose_weiss_spinning_ruby.gif']: 403 Forbidden
2025-12-27 20:00:45,061 - log - ERROR - Failed to upload media: ['assets/whiterose_friendship_bracelets.jpeg']: 403 Forbidden
2025-12-27 22:00:45,950 - log - ERROR - Failed to upload media: ['assets/whiterose_v6_sliding_in_to_the_screen_from_the_left.gif']: 403 Forbidden
2025-12-28 06:00:43,870 - log - ERROR - Failed to upload media: ['assets/whiterose_v3_holding_hands.gif']: 403 Forbidden
2025-12-28 10:00:47,245 - log - ERROR - Failed to upload media: ['assets/whiterose_comforting_each_other.gif']: 403 Forbidden
2025-12-28 12:00:47,559 - log - ERROR - Failed to upload media: ['assets/whiterose_holding_hands.png']: 403 Forbidden
2025-12-28 14:00:45,096 - log - ERROR - Failed to upload media: ['assets/whiterose_v6_in_the_train_ruby_cape.gif']: 403 Forbidden
2025-12-28 16:00:43,150 - log - ERROR - Failed to upload media: ['assets/whiterose_ruby_talking_to_weiss_v6.gif']: 403 Forbidden
2025-12-28 18:00:44,893 - log - ERROR - Failed to upload media: ['assets/whiterose_v7_atlas_looking_at_each_other.png']: 403 Forbidden
2025-12-28 20:00:52,269 - log - ERROR - Failed to upload media: ['assets/whiterose_angst_v8.mp4']: 403 Forbidden
2025-12-28 22:00:50,679 - log - ERROR - Failed to upload media: ['assets/whiterose_angst_v8.mp4']: 403 Forbidden
2025-12-29 00:00:49,694 - log - ERROR - Failed to upload media: ['assets/whiterose_v9_bumbleby_scene_about_time.jpg']: 403 Forbidden
2025-12-29 02:00:46,318 - log - ERROR - Failed to upload media: ['assets/whiterose_standing_up_in_v6_opening.gif']: 403 Forbidden
2025-12-29 06:00:47,113 - log - ERROR - Failed to upload media: ['assets/whiterose_weiss_spinning_ruby.gif']: 403 Forbidden
2025-12-29 14:00:46,682 - log - ERROR - Failed to upload media: ['assets/whiterose_v9_before_comforting_each_other_in_v9.jpg']: 403 Forbidden
2025-12-29 16:00:46,573 - log - ERROR - Failed to upload media: ['assets/whiterose_pencils.jpg']: 403 Forbidden
2025-12-29 18:00:49,161 - log - ERROR - Failed to upload media: ['assets/whiterose_volume_6_opening.jpeg']: 403 Forbidden
2025-12-29 20:00:48,064 - log - ERROR - Failed to upload media: ['assets/whiterose_v7.webp']: 403 Forbidden
2025-12-30 02:00:47,156 - log - ERROR - Failed to upload media: ['assets/whiterose_v9_chess_battle.jpg']: 403 Forbidden
2025-12-30 16:00:46,469 - log - ERROR - Failed to upload media: ['assets/whiterose_hug_jl_part_2_ending.jpg']: 403 Forbidden
2025-12-30 18:00:47,697 - log - ERROR - Failed to upload media: ['assets/whiterose_v9_before_comforting_each_other_in_v9.jpg']: 403 Forbidden
2025-12-30 20:00:46,428 - log - ERROR - Failed to upload media: ['assets/whiterose_good_night.gif']: 403 Forbidden
2025-12-31 06:00:47,458 - log - ERROR - Failed to upload media: ['assets/whiterose_standing_up_in_v6_opening.gif']: 403 Forbidden
2025-12-31 10:00:45,160 - log - ERROR - Failed to upload media: ['assets/whiterose_v9_chess_battle.jpg']: 403 Forbidden
2025-12-31 12:00:47,777 - log - ERROR - Failed to upload media: ['assets/whiterose_pencils/whiterose_pencils.jpg']: 403 Forbidden
2025-12-31 16:00:46,176 - log - ERROR - Failed to upload media: ['assets/whiterose_v6_opening_running.gif']: 403 Forbidden
2025-12-31 18:00:47,053 - log - ERROR - Failed to upload media: ['assets/whiterose_v6_weiss_looking_at_ruby_softly.gif']: 403 Forbidden
2025-12-31 20:00:47,568 - log - ERROR - Failed to upload media: ['assets/whiterose_first_meeting_explosion.jpeg']: 403 Forbidden
2025-12-31 22:00:46,691 - log - ERROR - Failed to upload media: ['assets/whiterose_comforting_each_other.gif']: 403 Forbidden
2026-01-01 00:00:48,871 - log - ERROR - Failed to upload media: ['assets/whiterose_v9_chess_battle.jpg']: 403 Forbidden
2026-01-01 04:00:46,214 - log - ERROR - Failed to upload media: ['assets/whiterose_shocked_v6/whiterose_shocked_1.png', 'assets/whiterose_shocked_v6/whiterose_shocked_2.png']: 403 Forbidden
2026-01-01 06:00:48,286 - log - ERROR - Failed to upload media: ['assets/whiterose_v7_???.mp4']: 403 Forbidden
2026-01-01 08:00:47,496 - log - ERROR - Failed to upload media: ['assets/whiterose_volume_6_opening.jpeg']: 403 Forbidden
2026-01-01 12:00:48,938 - log - ERROR - Failed to upload media: ['assets/whiterose.png']: 403 Forbidden
2026-01-01 14:00:49,191 - log - ERROR - Failed to upload media: ['assets/whiterose_weiss_what_do_you_think_ruby_i_am_still_gay.jpeg']: 403 Forbidden
2026-01-01 18:00:44,953 - log - ERROR - Failed to upload media: ['assets/whiterose_v7.webp']: 403 Forbidden
2026-01-01 20:00:45,238 - log - ERROR - Failed to upload media: ['assets/whiterose_v9_before_comforting_each_other_in_v9.jpg']: 403 Forbidden
2026-01-01 22:00:43,336 - log - ERROR - Failed to upload media: ['assets/whiterose_standing_up_in_v6_opening.gif']: 403 Forbidden
2026-01-02 00:00:47,837 - log - ERROR - Failed to upload media: ['assets/whiterose_holding_hands.png']: 403 Forbidden
2026-01-02 02:00:45,928 - log - ERROR - Failed to upload media: ['assets/whiterose_crwby_art.jpeg']: 403 Forbidden
2026-01-02 04:00:47,352 - log - ERROR - Failed to upload media: ['assets/whiterose_crwby_art.jpeg']: 403 Forbidden
2026-01-02 08:00:44,925 - log - ERROR - Failed to upload media: ['assets/whiterose_sulemio/whiterose_sulemio.jpg']: 403 Forbidden
2026-01-02 12:00:48,749 - log - ERROR - Failed to upload media: ['assets/whiterose_v6_weiss_catches_ruby.gif']: 403 Forbidden
2026-01-02 14:00:47,062 - log - ERROR - Failed to upload media: ['assets/whiterose_v5_rwby_group_hug.gif']: 403 Forbidden
2026-01-02 16:00:48,758 - log - ERROR - Failed to upload media: ['assets/whiterose_chibi_silly.gif']: 403 Forbidden
2026-01-02 18:00:48,036 - log - ERROR - Failed to upload media: ['assets/whiterose_pencils/whiterose_pencils.jpg']: 403 Forbidden
2026-01-02 20:00:46,855 - log - ERROR - Failed to upload media: ['assets/whiterose_sulemio/whiterose_sulemio.jpg']: 403 Forbidden
2026-01-03 04:00:46,406 - log - ERROR - Failed to upload media: ['assets/whiterose_v6_opening_with_petals.gif']: 403 Forbidden
2026-01-03 06:00:49,925 - log - ERROR - Failed to upload media: ['assets/whiterose_soft.jpeg']: 403 Forbidden
2026-01-03 08:00:51,073 - log - ERROR - Failed to upload media: ['assets/whiterose_weiss_what_do_you_think_ruby_i_am_still_gay.jpeg']: 403 Forbidden
2026-01-03 10:00:49,923 - log - ERROR - Failed to upload media: ['assets/whiterose_combat_ready.gif']: 403 Forbidden
2026-01-03 12:00:47,137 - log - ERROR - Failed to upload media: ['assets/whiterose_v9_ruby_smiling_and_weiss_hand.jpeg']: 403 Forbidden
2026-01-03 14:00:47,637 - log - ERROR - Failed to upload media: ['assets/whiterose_v5_rwby_group_hug.gif']: 403 Forbidden
2026-01-03 16:00:49,807 - log - ERROR - Failed to upload media: ['assets/whiterose_storyboard_clip/whiterose_storyboard_clip_0.png', 'assets/whiterose_storyboard_clip/whiterose_storyboard_clip_1.png', 'assets/whiterose_storyboard_clip/whiterose_storyboard_clip_2.png']: 403 Forbidden
2026-01-03 20:00:46,580 - log - ERROR - Failed to upload media: ['assets/whiterose_v9_ruby_smiling_and_weiss_hand.jpeg']: 403 Forbidden
2026-01-04 00:00:52,755 - log - ERROR - Failed to upload media: ['assets/whiterose_v7_atlas_looking_at_each_other.png']: 403 Forbidden
2026-01-04 04:00:46,322 - log - ERROR - Failed to upload media: ['assets/whiterose_coffee.jpeg']: 403 Forbidden
2026-01-04 06:00:51,511 - log - ERROR - Failed to upload media: ['assets/whiterose_v6_opening_with_petals.gif']: 403 Forbidden
2026-01-04 08:00:48,926 - log - ERROR - Failed to upload media: ['assets/whiterose_ruby_talking_to_weiss_v6.gif']: 403 Forbidden
2026-01-04 14:00:43,542 - log - ERROR - Failed to upload media: ['assets/whiterose_v6_in_the_train_ruby_cape.gif']: 403 Forbidden
2026-01-04 20:00:47,626 - log - ERROR - Failed to upload media: ['assets/whiterose_v6_sliding_in_to_the_screen_from_the_left.gif']: 403 Forbidden
2026-01-04 22:00:46,234 - log - ERROR - Failed to upload media: ['assets/whiterose_v6_in_the_village_brunswick_farms.gif']: 403 Forbidden
2026-01-05 00:00:46,870 - log - ERROR - Failed to upload media: ['assets/whiterose_v7_appearing_from_behind_a_column.gif']: 403 Forbidden
2026-01-05 02:00:43,585 - log - ERROR - Failed to upload media: ['assets/whiterose_v6_opening_running.gif']: 403 Forbidden
2026-01-05 06:00:47,061 - log - ERROR - Failed to upload media: ['assets/whiterose_weiss_what_do_you_think_ruby_i_am_still_gay.jpeg']: 403 Forbidden
2026-01-05 08:01:26,672 - log - ERROR - Failed to upload media: ['assets/whiterose_weiss_smiling_at_ruby_and_ruby_hand_on_weiss_shoulder.gif']: 403 Forbidden
2026-01-06 10:00:47,916 - log - ERROR - Failed to upload media: ['assets/whiterose_friendship_bracelets.jpeg']: 403 Forbidden
2026-01-06 12:00:50,850 - log - ERROR - Failed to upload media: ['assets/whiterose_v6_opening_ruby_saving_weiss.gif']: 403 Forbidden
2026-01-06 14:00:52,423 - log - ERROR - Failed to upload media: ['assets/whiterose_v9_angst_weiss???.mp4']: 403 Forbidden
2026-01-06 16:00:51,268 - log - ERROR - Failed to upload media: ['assets/whiterose_weiss_what_do_you_think_ruby_i_am_still_gay.jpeg']: 403 Forbidden
2026-01-06 18:00:50,559 - log - ERROR - Failed to upload media: ['assets/whiterose_hug_jl_part_2_ending.jpg']: 403 Forbidden
2026-01-06 22:00:48,772 - log - ERROR - Failed to upload media: ['assets/whiterose_v7_???.mp4']: 403 Forbidden
2026-01-07 04:00:44,712 - log - ERROR - Failed to upload media: ['assets/whiterose_its_a_combat_skirt.gif']: 403 Forbidden
2026-01-16 16:01:00,472 - log - ERROR - Failed to upload media: ['assets/whiterose_ice_queendom_foodfight.gif']: 503 Service Unavailable
130 - Over capacity
2026-01-21 12:00:50,945 - log - ERROR - Failed to upload media: ['assets/whiterose_v6_sliding_in_to_the_screen_from_the_left.gif']: 403 Forbidden
2026-01-24 22:00:45,706 - log - ERROR - Failed to upload media: ['assets/whiterose_v6_in_the_village_brunswick_farms.gif']: 403 Forbidden
2026-01-25 08:00:48,615 - log - ERROR - Failed to upload media: ['assets/whiterose_v6_weiss_looking_at_ruby_softly.gif']: 403 Forbidden
2026-01-25 18:00:47,584 - log - ERROR - Failed to upload media: ['assets/whiterose_hug_jl_part_2_ending.jpg']: 403 Forbidden
2026-01-25 22:00:48,551 - log - ERROR - Failed to upload media: ['assets/whiterose_on_a_dinosaur_with_a_rainbow.jpeg']: 403 Forbidden
2026-01-30 12:00:51,840 - log - ERROR - Failed to upload media: ['assets/whiterose_v9_angst_weiss???.mp4']: 403 Forbidden
2026-02-06 04:00:52,203 - log - ERROR - Failed to upload media: ['assets/whiterose_angst_v8.mp4']: 403 Forbidden
2026-02-09 16:00:56,992 - log - ERROR - Failed to upload media: ['assets/whiterose_v9_bumbleby_scene_about_time.jpg']: 403 Forbidden
2026-02-11 00:00:55,473 - log - ERROR - Failed to upload media: ['assets/whiterose_weiss_spinning_ruby.gif']: 403 Forbidden
2026-02-11 02:00:49,661 - log - ERROR - Failed to upload media: ['assets/whiterose_v3_holding_hands.gif']: 403 Forbidden
2026-02-14 06:00:48,147 - log - ERROR - Failed to upload media: ['assets/whiterose_weiss???_ruby???.mp4']: 403 Forbidden
2026-02-15 22:00:47,383 - log - ERROR - Failed to upload media: ['assets/whiterose_v6_opening_ruby_saving_weiss.gif']: 403 Forbidden
2026-02-16 00:00:49,434 - log - ERROR - Failed to upload media: ['assets/whiterose.png']: 403 Forbidden
2026-02-16 02:00:55,085 - log - ERROR - Failed to upload media: ['assets/whiterose_pencils/whiterose_pencils.jpg']: 403 Forbidden
2026-02-16 04:00:51,064 - log - ERROR - Failed to upload media: ['assets/whiterose_weiss_what_do_you_think_ruby_i_am_still_gay.jpeg']: 403 Forbidden
2026-02-25 18:00:55,831 - log - ERROR - Failed to upload media: ['assets/whiterose_good_night.gif']: 403 Forbidden
2026-02-25 22:00:53,005 - log - ERROR - Failed to upload media: ['assets/whiterose_standing_up_in_v6_opening.gif']: 403 Forbidden
2026-02-26 00:00:59,445 - log - ERROR - Failed to upload media: ['assets/whiterose_judging_red_prince_together.jpeg']: 403 Forbidden
2026-02-26 06:00:55,056 - log - ERROR - Failed to upload media: ['assets/whiterose_v7_appearing_from_behind_a_column.gif']: 403 Forbidden
2026-02-26 10:01:00,819 - log - ERROR - Failed to upload media: ['assets/whiterose_v5_rwby_group_hug.gif']: 403 Forbidden
2026-02-26 14:00:55,144 - log - ERROR - Failed to upload media: ['assets/whiterose_v6_in_the_village_brunswick_farms.gif']: 403 Forbidden
2026-02-27 16:00:50,773 - log - ERROR - Failed to upload media: ['assets/WhiteRoseTipsPoint.jpg']: 403 Forbidden
2026-02-28 18:00:50,472 - log - ERROR - Failed to upload media: ['assets/whiterose_v9_ruby_smiling_and_weiss_hand.jpeg']: 403 Forbidden
2026-02-28 22:00:51,399 - log - ERROR - Failed to upload media: ['assets/whiterose_holding_hands.png']: 403 Forbidden
2026-03-01 12:00:52,438 - log - ERROR - Failed to upload media: ['assets/whiterose_weiss_smiling_at_ruby_and_ruby_hand_on_weiss_shoulder.gif']: 403 Forbidden
2026-03-01 14:00:48,066 - log - ERROR - Failed to upload media: ['assets/whiterose_combat_ready.gif']: 403 Forbidden
2026-03-01 16:00:52,150 - log - ERROR - Failed to upload media: ['assets/whiterose_good_night.gif']: 403 Forbidden
2026-03-02 00:00:50,727 - log - ERROR - Failed to upload media: ['assets/whiterose_coffee.jpeg']: 403 Forbidden
2026-03-02 06:00:55,209 - log - ERROR - Failed to upload media: ['assets/whiterose_weiss_spinning_ruby.gif']: 403 Forbidden
2026-03-06 16:00:51,727 - log - ERROR - Failed to upload media: ['assets/whiterose_chibi_opening.jpeg']: 403 Forbidden
2026-03-07 20:00:52,652 - log - ERROR - Failed to upload media: ['assets/whiterose_storyboard_clip/whiterose_storyboard_clip_0.png', 'assets/whiterose_storyboard_clip/whiterose_storyboard_clip_1.png', 'assets/whiterose_storyboard_clip/whiterose_storyboard_clip_2.png']: 403 Forbidden
2026-03-11 22:00:48,975 - log - ERROR - Failed to upload media: ['assets/whiterose_first_meeting_explosion.jpeg']: 403 Forbidden
2026-03-16 16:00:56,435 - log - ERROR - Failed to upload media: ['assets/whiterose_ruby_swag.png']: 403 Forbidden
2026-03-26 08:00:52,138 - log - ERROR - Failed to upload media: ['assets/whiterose_pencils/whiterose_pencils.jpg']: 401 Unauthorized
32 - Could not authenticate you
2026-03-26 10:00:49,551 - log - ERROR - Failed to upload media: ['assets/whiterose_v7_appearing_from_behind_a_column.gif']: 401 Unauthorized
32 - Could not authenticate you
2026-03-26 12:00:52,429 - log - ERROR - Failed to upload media: ['assets/whiterose_weiss_spinning_ruby.gif']: 401 Unauthorized
32 - Could not authenticate you
2026-03-26 14:00:54,376 - log - ERROR - Failed to upload media: ['assets/whiterose_first_meeting_ruby_fingers.gif']: 401 Unauthorized
32 - Could not authenticate you
2026-03-26 16:00:55,800 - log - ERROR - Failed to upload media: ['assets/whiterose_weiss_spinning_ruby.gif']: 401 Unauthorized
32 - Could not authenticate you
2026-03-26 18:01:05,380 - log - ERROR - Failed to upload media: ['assets/whiterose_hug_jl_part_2_ending.jpg']: 401 Unauthorized
32 - Could not authenticate you
2026-03-26 20:00:46,477 - log - ERROR - Failed to upload media: ['assets/whiterose_weiss_smiling_at_ruby_and_ruby_hand_on_weiss_shoulder.gif']: 401 Unauthorized
32 - Could not authenticate you
2026-03-26 22:00:48,876 - log - ERROR - Failed to upload media: ['assets/whiterose_crwby_art.jpeg']: 401 Unauthorized
32 - Could not authenticate you
2026-03-27 00:00:59,505 - log - ERROR - Failed to upload media: ['assets/whiterose_hugging_and_crying_v1.gif']: 401 Unauthorized
32 - Could not authenticate you
2026-03-27 02:00:52,406 - log - ERROR - Failed to upload media: ['assets/whiterose_angst_v8.mp4']: 401 Unauthorized
32 - Could not authenticate you
2026-03-27 04:00:48,961 - log - ERROR - Failed to upload media: ['assets/whiterose_volume_7.jpeg']: 401 Unauthorized
32 - Could not authenticate you
2026-03-27 06:00:48,439 - log - ERROR - Failed to upload media: ['assets/whiterose_storyboard_clip/whiterose_storyboard_clip_0.png', 'assets/whiterose_storyboard_clip/whiterose_storyboard_clip_1.png', 'assets/whiterose_storyboard_clip/whiterose_storyboard_clip_2.png']: 401 Unauthorized
32 - Could not authenticate you
2026-03-27 08:00:51,057 - log - ERROR - Failed to upload media: ['assets/whiterose_v1_meeting.gif']: 401 Unauthorized
32 - Could not authenticate you
2026-03-27 10:00:51,111 - log - ERROR - Failed to upload media: ['assets/whiterose_weiss???_ruby???.mp4']: 401 Unauthorized
32 - Could not authenticate you
2026-03-27 12:00:49,558 - log - ERROR - Failed to upload media: ['assets/whiterose_coffee.jpeg']: 401 Unauthorized
32 - Could not authenticate you
2026-03-27 14:00:50,007 - log - ERROR - Failed to upload media: ['assets/whiterose_ice_queendom_foodfight.gif']: 401 Unauthorized
32 - Could not authenticate you
2026-03-27 16:00:55,291 - log - ERROR - Failed to upload media: ['assets/whiterose_v3_holding_hands.gif']: 401 Unauthorized
32 - Could not authenticate you
2026-03-27 18:00:52,684 - log - ERROR - Failed to upload media: ['assets/whiterose_v6_in_the_train_ruby_cape.gif']: 401 Unauthorized
32 - Could not authenticate you
2026-03-27 20:00:48,864 - log - ERROR - Failed to upload media: ['assets/whiterose.png']: 401 Unauthorized
32 - Could not authenticate you
2026-03-27 22:00:47,827 - log - ERROR - Failed to upload media: ['assets/whiterose_weiss???_ruby???.mp4']: 401 Unauthorized
32 - Could not authenticate you
2026-03-28 00:00:49,970 - log - ERROR - Failed to upload media: ['assets/whiterose_v7_atlas_looking_at_each_other.png']: 401 Unauthorized
32 - Could not authenticate you
2026-03-28 02:00:47,655 - log - ERROR - Failed to upload media: ['assets/whiterose_jl_part_1_hug/whiterose_ruby_sparkling_eyes_glad_to_see_weiss.jpeg', 'assets/whiterose_jl_part_1_hug/whiterose_justice_league_jump_hug.jpeg', 'assets/whiterose_jl_part_1_hug/whiterose_justice_league_hug.jpeg', 'assets/whiterose_jl_part_1_hug/whiterose_jl_part_1_hug_weiss_with_closed_eyes.jpeg']: 401 Unauthorized
32 - Could not authenticate you
2026-03-28 04:00:50,054 - log - ERROR - Failed to upload media: ['assets/whiterose_standing_up_in_v6_opening.gif']: 401 Unauthorized
32 - Could not authenticate you
2026-03-28 06:00:48,620 - log - ERROR - Failed to upload media: ['assets/whiterose_sulemio/whiterose_sulemio.jpg']: 401 Unauthorized
32 - Could not authenticate you
2026-03-28 08:00:49,535 - log - ERROR - Failed to upload media: ['assets/whiterose_hug_jl_part_2_ending.jpg']: 401 Unauthorized
32 - Could not authenticate you
2026-03-28 10:00:51,489 - log - ERROR - Failed to upload media: ['assets/whiterose_storyboard_clip/whiterose_storyboard_clip_0.png', 'assets/whiterose_storyboard_clip/whiterose_storyboard_clip_1.png', 'assets/whiterose_storyboard_clip/whiterose_storyboard_clip_2.png']: 401 Unauthorized
32 - Could not authenticate you
2026-03-28 12:00:51,467 - log - ERROR - Failed to upload media: ['assets/whiterose_comforting_each_other.gif']: 401 Unauthorized
32 - Could not authenticate you
2026-03-28 14:00:52,615 - log - ERROR - Failed to upload media: ['assets/whiterose_v6_opening_with_petals.gif']: 401 Unauthorized
32 - Could not authenticate you
2026-03-28 16:00:50,519 - log - ERROR - Failed to upload media: ['assets/whiterose_chibi_silly.gif']: 401 Unauthorized
32 - Could not authenticate you
2026-03-28 18:00:51,693 - log - ERROR - Failed to upload media: ['assets/whiterose_v7.webp']: 401 Unauthorized
32 - Could not authenticate you
2026-03-28 20:00:50,630 - log - ERROR - Failed to upload media: ['assets/whiterose_volume_6_opening.jpeg']: 401 Unauthorized
32 - Could not authenticate you
2026-03-28 22:00:50,434 - log - ERROR - Failed to upload media: ['assets/whiterose_standing_up_in_v6_opening.gif']: 401 Unauthorized
32 - Could not authenticate you
2026-03-29 00:00:56,452 - log - ERROR - Failed to upload media: ['assets/whiterose_good_night.gif']: 401 Unauthorized
32 - Could not authenticate you
2026-03-29 02:00:45,878 - log - ERROR - Failed to upload media: ['assets/whiterose_v5_rwby_group_hug.gif']: 401 Unauthorized
32 - Could not authenticate you
2026-03-29 04:00:48,823 - log - ERROR - Failed to upload media: ['assets/whiterose_v9_before_comforting_each_other_in_v9.jpg']: 401 Unauthorized
32 - Could not authenticate you
2026-03-29 06:00:52,005 - log - ERROR - Failed to upload media: ['assets/whiterose_shocked_v6/whiterose_shocked_1.png', 'assets/whiterose_shocked_v6/whiterose_shocked_2.png']: 401 Unauthorized
32 - Could not authenticate you
2026-03-29 08:00:47,734 - log - ERROR - Failed to upload media: ['assets/whiterose_get_whiterosed_lmao.gif']: 401 Unauthorized
32 - Could not authenticate you
2026-03-29 10:00:49,328 - log - ERROR - Failed to upload media: ['assets/whiterose_on_a_dinosaur_with_a_rainbow.jpeg']: 401 Unauthorized
32 - Could not authenticate you
2026-03-29 12:00:45,868 - log - ERROR - Failed to upload media: ['assets/whiterose_chibi_silly.gif']: 401 Unauthorized
32 - Could not authenticate you
2026-03-29 14:00:53,130 - log - ERROR - Failed to upload media: ['assets/whiterose_ruby_talking_to_weiss_v6.gif']: 401 Unauthorized
32 - Could not authenticate you
2026-03-29 16:00:52,109 - log - ERROR - Failed to upload media: ['assets/whiterose_comforting_each_other.gif']: 401 Unauthorized
32 - Could not authenticate you
2026-03-29 18:00:58,941 - log - ERROR - Failed to upload media: ['assets/whiterose_coffee.jpeg']: 401 Unauthorized
32 - Could not authenticate you
2026-03-29 20:00:50,869 - log - ERROR - Failed to upload media: ['assets/whiterose_pencils.jpg']: 401 Unauthorized
32 - Could not authenticate you
2026-03-29 22:00:51,613 - log - ERROR - Failed to upload media: ['assets/whiterose_ice_queendom_hug.gif']: 401 Unauthorized
32 - Could not authenticate you
2026-03-30 00:00:53,553 - log - ERROR - Failed to upload media: ['assets/whiterose_v7.webp']: 401 Unauthorized
32 - Could not authenticate you
2026-03-30 02:00:47,439 - log - ERROR - Failed to upload media: ['assets/whiterose_jl_part_2_staring_at_each_other.jpeg']: 401 Unauthorized
32 - Could not authenticate you
2026-03-30 04:00:50,539 - log - ERROR - Failed to upload media: ['assets/whiterose_storyboard_clip/whiterose_storyboard_clip_0.png', 'assets/whiterose_storyboard_clip/whiterose_storyboard_clip_1.png', 'assets/whiterose_storyboard_clip/whiterose_storyboard_clip_2.png']: 401 Unauthorized
32 - Could not authenticate you
2026-03-30 06:00:51,215 - log - ERROR - Failed to upload media: ['assets/whiterose_coffee.jpeg']: 401 Unauthorized
32 - Could not authenticate you
2026-03-30 08:00:52,656 - log - ERROR - Failed to upload media: ['assets/whiterose_v3_holding_hands.gif']: 401 Unauthorized
32 - Could not authenticate you
2026-03-30 10:00:56,304 - log - ERROR - Failed to upload media: ['assets/whiterose_v9_bumbleby_scene_about_time.jpg']: 401 Unauthorized
32 - Could not authenticate you
2026-03-30 12:00:53,072 - log - ERROR - Failed to upload media: ['assets/whiterose_ruby_talking_to_weiss_v6.gif']: 401 Unauthorized
32 - Could not authenticate you
2026-03-30 14:01:01,343 - log - ERROR - Failed to upload media: ['assets/whiterose_v7_appearing_from_behind_a_column.gif']: 401 Unauthorized
32 - Could not authenticate you
2026-03-30 16:00:55,152 - log - ERROR - Failed to upload media: ['assets/whiterose_first_meeting_explosion.jpeg']: 401 Unauthorized
32 - Could not authenticate you
2026-03-30 18:00:52,926 - log - ERROR - Failed to upload media: ['assets/whiterose_v7.webp']: 401 Unauthorized
32 - Could not authenticate you
2026-03-30 20:00:53,733 - log - ERROR - Failed to upload media: ['assets/whiterose_jl_part_2_staring_at_each_other.jpeg']: 401 Unauthorized
32 - Could not authenticate you
2026-03-30 22:00:56,221 - log - ERROR - Failed to upload media: ['assets/whiterose_crwby_art.jpeg']: 401 Unauthorized
32 - Could not authenticate you
2026-03-31 00:00:52,935 - log - ERROR - Failed to upload media: ['assets/whiterose_crwby_art.jpeg']: 401 Unauthorized
32 - Could not authenticate you
2026-03-31 02:00:47,478 - log - ERROR - Failed to upload media: ['assets/whiterose_v9_chess_battle.jpg']: 401 Unauthorized
32 - Could not authenticate you
2026-03-31 04:00:49,688 - log - ERROR - Failed to upload media: ['assets/whiterose_on_a_dinosaur_with_a_rainbow.jpeg']: 401 Unauthorized
32 - Could not authenticate you
2026-03-31 06:00:48,008 - log - ERROR - Failed to upload media: ['assets/whiterose_standing_up_in_v6_opening.gif']: 401 Unauthorized
32 - Could not authenticate you
2026-03-31 08:00:51,727 - log - ERROR - Failed to upload media: ['assets/whiterose_comforting_each_other.gif']: 401 Unauthorized
32 - Could not authenticate you
2026-03-31 10:00:56,356 - log - ERROR - Failed to upload media: ['assets/whiterose_on_a_dinosaur_with_a_rainbow.jpeg']: 401 Unauthorized
32 - Could not authenticate you
2026-03-31 12:00:54,525 - log - ERROR - Failed to upload media: ['assets/whiterose_v6_weiss_catches_ruby.gif']: 401 Unauthorized
32 - Could not authenticate you
2026-03-31 14:01:10,175 - log - ERROR - Failed to upload media: ['assets/whiterose_weiss???_ruby???.mp4']: 401 Unauthorized
32 - Could not authenticate you
2026-03-31 16:00:52,803 - log - ERROR - Failed to upload media: ['assets/whiterose_storyboard_clip/whiterose_storyboard_clip_0.png', 'assets/whiterose_storyboard_clip/whiterose_storyboard_clip_1.png', 'assets/whiterose_storyboard_clip/whiterose_storyboard_clip_2.png']: 401 Unauthorized
32 - Could not authenticate you
2026-03-31 18:00:50,868 - log - ERROR - Failed to upload media: ['assets/whiterose_v9_ruby_smiling_and_weiss_hand.jpeg']: 401 Unauthorized
32 - Could not authenticate you
2026-03-31 20:00:53,145 - log - ERROR - Failed to upload media: ['assets/ShesAHazardToMyHealth.png']: 401 Unauthorized
32 - Could not authenticate you
2026-03-31 22:00:58,487 - log - ERROR - Failed to upload media: ['assets/whiterose_first_meeting_explosion.jpeg']: 401 Unauthorized
32 - Could not authenticate you
2026-04-01 00:00:51,831 - log - ERROR - Failed to upload media: ['assets/whiterose_perfection/perfection.png', 'assets/whiterose_v9_ruby_smiling_and_weiss_hand.jpeg', 'assets/whiterose.png', 'assets/whiterose_chibi_opening.jpeg']: 401 Unauthorized
32 - Could not authenticate you
2026-04-01 02:00:51,241 - log - ERROR - Failed to upload media: ['assets/whiterose_v9_bumbleby_scene_about_time.jpg']: 401 Unauthorized
32 - Could not authenticate you
2026-04-01 04:00:51,980 - log - ERROR - Failed to upload media: ['assets/whiterose_hug_jl_part_2_ending.jpg']: 401 Unauthorized
32 - Could not authenticate you
2026-04-01 06:00:52,030 - log - ERROR - Failed to upload media: ['assets/whiterose_judging_red_prince_together.jpeg']: 401 Unauthorized
32 - Could not authenticate you
2026-04-01 08:00:52,177 - log - ERROR - Failed to upload media: ['assets/whiterose_volume_7.jpeg']: 401 Unauthorized
32 - Could not authenticate you
2026-04-01 10:00:51,908 - log - ERROR - Failed to upload media: ['assets/whiterose_v6_opening_ruby_saving_weiss.gif']: 401 Unauthorized
32 - Could not authenticate you
2026-04-01 12:00:53,654 - log - ERROR - Failed to upload media: ['assets/whiterose_v1_meeting.gif']: 401 Unauthorized
32 - Could not authenticate you
2026-04-01 14:00:55,773 - log - ERROR - Failed to upload media: ['assets/whiterose_weiss_what_do_you_think_ruby_i_am_still_gay.jpeg']: 401 Unauthorized
32 - Could not authenticate you
2026-04-01 16:00:57,269 - log - ERROR - Failed to upload media: ['assets/whiterose_judging_red_prince_together.jpeg']: 401 Unauthorized
32 - Could not authenticate you
2026-04-01 18:00:56,726 - log - ERROR - Failed to upload media: ['assets/whiterose_chibi_opening.jpeg']: 401 Unauthorized
32 - Could not authenticate you
2026-04-01 20:00:52,939 - log - ERROR - Failed to upload media: ['assets/whiterose_you_re_too_cute_not_to_bother.gif']: 401 Unauthorized
32 - Could not authenticate you
2026-04-01 22:00:54,638 - log - ERROR - Failed to upload media: ['assets/whiterose_v6_opening_with_petals.gif']: 401 Unauthorized
32 - Could not authenticate you
2026-04-02 00:00:51,912 - log - ERROR - Failed to upload media: ['assets/whiterose_v7_???.mp4']: 401 Unauthorized
32 - Could not authenticate you
2026-04-02 02:00:49,620 - log - ERROR - Failed to upload media: ['assets/whiterose_v7_appearing_from_behind_a_column.gif']: 401 Unauthorized
32 - Could not authenticate you
2026-04-02 04:00:50,107 - log - ERROR - Failed to upload media: ['assets/whiterose_v7.webp']: 401 Unauthorized
32 - Could not authenticate you
2026-04-02 06:00:55,710 - log - ERROR - Failed to upload media: ['assets/whiterose_hug_jl_part_2_ending.jpg']: 401 Unauthorized
32 - Could not authenticate you
2026-04-02 08:00:50,481 - log - ERROR - Failed to upload media: ['assets/whiterose_v6_opening_running.gif']: 401 Unauthorized
32 - Could not authenticate you
2026-04-02 10:00:58,218 - log - ERROR - Failed to upload media: ['assets/whiterose_shocked_v6/whiterose_shocked_1.png', 'assets/whiterose_shocked_v6/whiterose_shocked_2.png']: 401 Unauthorized
32 - Could not authenticate you
2026-04-02 12:00:52,594 - log - ERROR - Failed to upload media: ['assets/whiterose_v6_weiss_catches_ruby.gif']: 401 Unauthorized
32 - Could not authenticate you
2026-04-02 14:00:54,674 - log - ERROR - Failed to upload media: ['assets/whiterose_v6_weiss_looking_at_ruby_softly.gif']: 401 Unauthorized
32 - Could not authenticate you
2026-04-02 16:00:56,035 - log - ERROR - Failed to upload media: ['assets/whiterose_chibi_ask_your_cake_butler.mp4']: 401 Unauthorized
32 - Could not authenticate you
2026-04-02 18:00:54,449 - log - ERROR - Failed to upload media: ['assets/whiterose_comforting_each_other.gif']: 401 Unauthorized
32 - Could not authenticate you
2026-04-02 20:00:49,096 - log - ERROR - Failed to upload media: ['assets/whiterose_v3_holding_hands.gif']: 401 Unauthorized
32 - Could not authenticate you
2026-04-02 22:00:55,005 - log - ERROR - Failed to upload media: ['assets/whiterose_chibi_opening.jpeg']: 401 Unauthorized
32 - Could not authenticate you
2026-04-03 00:00:55,471 - log - ERROR - Failed to upload media: ['assets/whiterose_friendship_bracelets.jpeg']: 401 Unauthorized
32 - Could not authenticate you
2026-04-03 02:00:50,032 - log - ERROR - Failed to upload media: ['assets/whiterose_v6_in_the_village_brunswick_farms.gif']: 401 Unauthorized
32 - Could not authenticate you
2026-04-03 04:00:55,986 - log - ERROR - Failed to upload media: ['assets/whiterose_justice_league_2.jpeg']: 401 Unauthorized
32 - Could not authenticate you
2026-04-03 06:00:53,313 - log - ERROR - Failed to upload media: ['assets/whiterose_pencils/whiterose_pencils.jpg']: 401 Unauthorized
32 - Could not authenticate you
2026-04-03 08:00:48,224 - log - ERROR - Failed to upload media: ['assets/whiterose_volume_7.jpeg']: 401 Unauthorized
32 - Could not authenticate you
2026-04-03 10:00:52,573 - log - ERROR - Failed to upload media: ['assets/whiterose_coffee.jpeg']: 401 Unauthorized
32 - Could not authenticate you
2026-04-03 12:00:51,560 - log - ERROR - Failed to upload media: ['assets/whiterose_justice_league_2.jpeg']: 401 Unauthorized
32 - Could not authenticate you
2026-04-03 14:00:50,708 - log - ERROR - Failed to upload media: ['assets/whiterose_v7.webp']: 401 Unauthorized
32 - Could not authenticate you
2026-04-03 16:00:48,983 - log - ERROR - Failed to upload media: ['assets/whiterose_v9_chess_battle.jpg']: 401 Unauthorized
32 - Could not authenticate you
2026-04-03 18:00:51,517 - log - ERROR - Failed to upload media: ['assets/whiterose_pencils.jpg']: 401 Unauthorized
32 - Could not authenticate you
2026-04-03 20:00:51,759 - log - ERROR - Failed to upload media: ['assets/whiterose_on_a_dinosaur_with_a_rainbow.jpeg']: 401 Unauthorized
32 - Could not authenticate you
2026-04-03 22:00:50,991 - log - ERROR - Failed to upload media: ['assets/whiterose_chibi_ask_your_cake_butler.mp4']: 401 Unauthorized
32 - Could not authenticate you
2026-04-04 00:00:54,203 - log - ERROR - Failed to upload media: ['assets/whiterose_v9_chess_battle.jpg']: 401 Unauthorized
32 - Could not authenticate you
2026-04-04 02:00:47,554 - log - ERROR - Failed to upload media: ['assets/whiterose_v9_ruby_smiling_and_weiss_hand.jpeg']: 401 Unauthorized
32 - Could not authenticate you
2026-04-04 04:00:52,558 - log - ERROR - Failed to upload media: ['assets/whiterose_holding_hands.png']: 401 Unauthorized
32 - Could not authenticate you
2026-04-04 06:00:51,621 - log - ERROR - Failed to upload media: ['assets/whiterose_soft.jpeg']: 401 Unauthorized
32 - Could not authenticate you
2026-04-04 08:00:49,001 - log - ERROR - Failed to upload media: ['assets/whiterose_weiss_smiling_at_ruby_and_ruby_hand_on_weiss_shoulder.gif']: 401 Unauthorized
32 - Could not authenticate you
2026-04-04 10:00:51,316 - log - ERROR - Failed to upload media: ['assets/whiterose_comforting_each_other.gif']: 401 Unauthorized
32 - Could not authenticate you
2026-04-04 12:00:54,732 - log - ERROR - Failed to upload media: ['assets/whiterose_v9_angst_weiss???.mp4']: 401 Unauthorized
32 - Could not authenticate you
2026-04-04 14:00:53,380 - log - ERROR - Failed to upload media: ['assets/whiterose_ice_queendom_foodfight.gif']: 401 Unauthorized
32 - Could not authenticate you
2026-04-04 16:00:50,867 - log - ERROR - Failed to upload media: ['assets/whiterose_judging_red_prince_together.jpeg']: 401 Unauthorized
32 - Could not authenticate you
2026-04-04 18:00:52,190 - log - ERROR - Failed to upload media: ['assets/whiterose_friendship_bracelets.jpeg']: 401 Unauthorized
32 - Could not authenticate you
2026-04-04 20:00:48,028 - log - ERROR - Failed to upload media: ['assets/whiterose_ruby_talking_to_weiss_v6.gif']: 401 Unauthorized
32 - Could not authenticate you
2026-04-04 22:00:55,524 - log - ERROR - Failed to upload media: ['assets/whiterose_weiss_smiling_at_ruby_and_ruby_hand_on_weiss_shoulder.gif']: 401 Unauthorized
32 - Could not authenticate you
2026-04-05 00:00:55,898 - log - ERROR - Failed to upload media: ['assets/whiterose_storyboard_clip/whiterose_storyboard_clip_0.png', 'assets/whiterose_storyboard_clip/whiterose_storyboard_clip_1.png', 'assets/whiterose_storyboard_clip/whiterose_storyboard_clip_2.png']: 401 Unauthorized
32 - Could not authenticate you
2026-04-05 02:00:49,090 - log - ERROR - Failed to upload media: ['assets/whiterose_jl_part_1_hug/whiterose_ruby_sparkling_eyes_glad_to_see_weiss.jpeg', 'assets/whiterose_jl_part_1_hug/whiterose_justice_league_jump_hug.jpeg', 'assets/whiterose_jl_part_1_hug/whiterose_justice_league_hug.jpeg', 'assets/whiterose_jl_part_1_hug/whiterose_jl_part_1_hug_weiss_with_closed_eyes.jpeg']: 401 Unauthorized
32 - Could not authenticate you
2026-04-05 04:00:45,980 - log - ERROR - Failed to upload media: ['assets/whiterose_soft.jpeg']: 401 Unauthorized
32 - Could not authenticate you
2026-04-05 06:00:50,836 - log - ERROR - Failed to upload media: ['assets/whiterose_volume_7.jpeg']: 401 Unauthorized
32 - Could not authenticate you
2026-04-05 08:00:46,747 - log - ERROR - Failed to upload media: ['assets/whiterose_v9_ruby_smiling_and_weiss_hand.jpeg']: 401 Unauthorized
32 - Could not authenticate you
2026-04-05 10:00:49,510 - log - ERROR - Failed to upload media: ['assets/whiterose_its_a_combat_skirt.gif']: 401 Unauthorized
32 - Could not authenticate you
2026-04-05 12:00:51,130 - log - ERROR - Failed to upload media: ['assets/whiterose_holding_hands.png']: 401 Unauthorized
32 - Could not authenticate you
2026-04-05 14:00:51,766 - log - ERROR - Failed to upload media: ['assets/whiterose_volume_7.jpeg']: 401 Unauthorized
32 - Could not authenticate you
2026-04-05 16:00:48,286 - log - ERROR - Failed to upload media: ['assets/whiterose_on_a_dinosaur_with_a_rainbow.jpeg']: 401 Unauthorized
32 - Could not authenticate you
2026-04-05 18:00:49,813 - log - ERROR - Failed to upload media: ['assets/whiterose_good_night.gif']: 401 Unauthorized
32 - Could not authenticate you
2026-04-05 20:00:47,212 - log - ERROR - Failed to upload media: ['assets/whiterose_v9_chess_battle.jpg']: 401 Unauthorized
32 - Could not authenticate you
2026-04-05 22:00:54,190 - log - ERROR - Failed to upload media: ['assets/whiterose_storyboard_clip/whiterose_storyboard_clip_0.png', 'assets/whiterose_storyboard_clip/whiterose_storyboard_clip_1.png', 'assets/whiterose_storyboard_clip/whiterose_storyboard_clip_2.png']: 401 Unauthorized
32 - Could not authenticate you
2026-04-06 00:00:54,495 - log - ERROR - Failed to upload media: ['assets/whiterose_soft.jpeg']: 401 Unauthorized
32 - Could not authenticate you
2026-04-06 02:00:51,168 - log - ERROR - Failed to upload media: ['assets/whiterose_v6_opening_with_petals.gif']: 401 Unauthorized
32 - Could not authenticate you
2026-04-06 04:00:52,104 - log - ERROR - Failed to upload media: ['assets/whiterose_shocked_v6/whiterose_shocked_1.png', 'assets/whiterose_shocked_v6/whiterose_shocked_2.png']: 401 Unauthorized
32 - Could not authenticate you
2026-04-06 06:00:49,738 - log - ERROR - Failed to upload media: ['assets/whiterose_v7_???.mp4']: 401 Unauthorized
32 - Could not authenticate you
2026-04-06 08:00:52,121 - log - ERROR - Failed to upload media: ['assets/whiterose_shocked_v6/whiterose_shocked_1.png', 'assets/whiterose_shocked_v6/whiterose_shocked_2.png']: 401 Unauthorized
32 - Could not authenticate you
2026-04-06 10:00:52,849 - log - ERROR - Failed to upload media: ['assets/whiterose_standing_up_in_v6_opening.gif']: 401 Unauthorized
32 - Could not authenticate you
2026-04-06 12:00:54,161 - log - ERROR - Failed to upload media: ['assets/whiterose_v9_bumbleby_scene_about_time.jpg']: 401 Unauthorized
32 - Could not authenticate you
2026-04-06 14:00:51,729 - log - ERROR - Failed to upload media: ['assets/whiterose_you_re_too_cute_not_to_bother.gif']: 401 Unauthorized
32 - Could not authenticate you
2026-04-06 16:00:54,839 - log - ERROR - Failed to upload media: ['assets/whiterose_v6_sliding_in_to_the_screen_from_the_left.gif']: 401 Unauthorized
32 - Could not authenticate you
2026-04-06 18:00:53,213 - log - ERROR - Failed to upload media: ['assets/whiterose_pencils.jpg']: 401 Unauthorized
32 - Could not authenticate you
2026-04-06 20:00:55,651 - log - ERROR - Failed to upload media: ['assets/whiterose_v5_rwby_group_hug.gif']: 401 Unauthorized
32 - Could not authenticate you
2026-04-06 22:00:56,094 - log - ERROR - Failed to upload media: ['assets/whiterose_first_meeting_explosion.jpeg']: 401 Unauthorized
32 - Could not authenticate you
2026-04-07 00:00:55,067 - log - ERROR - Failed to upload media: ['assets/whiterose_crwby_art.jpeg']: 401 Unauthorized
32 - Could not authenticate you
2026-04-07 02:00:50,027 - log - ERROR - Failed to upload media: ['assets/whiterose_jl_part_2_staring_at_each_other.jpeg']: 401 Unauthorized
32 - Could not authenticate you
2026-04-07 04:00:49,851 - log - ERROR - Failed to upload media: ['assets/whiterose_v9_angst_weiss???.mp4']: 401 Unauthorized
32 - Could not authenticate you
2026-04-07 06:00:58,078 - log - ERROR - Failed to upload media: ['assets/whiterose_hug_jl_part_2_ending.jpg']: 401 Unauthorized
32 - Could not authenticate you
2026-04-07 08:00:51,847 - log - ERROR - Failed to upload media: ['assets/whiterose_v9_chess_battle.jpg']: 401 Unauthorized
32 - Could not authenticate you
2026-04-07 10:00:54,816 - log - ERROR - Failed to upload media: ['assets/whiterose_v3_holding_hands.gif']: 401 Unauthorized
32 - Could not authenticate you
2026-04-07 12:00:54,301 - log - ERROR - Failed to upload media: ['assets/whiterose_ice_queendom_hug.gif']: 401 Unauthorized
32 - Could not authenticate you
2026-04-07 14:01:07,692 - log - ERROR - Failed to upload media: ['assets/whiterose_combat_ready.gif']: 401 Unauthorized
32 - Could not authenticate you
2026-04-07 16:01:06,809 - log - ERROR - Failed to upload media: ['assets/whiterose_volume_6_opening.jpeg']: 401 Unauthorized
32 - Could not authenticate you
2026-04-07 18:00:54,201 - log - ERROR - Failed to upload media: ['assets/whiterose_v9_angst_weiss???.mp4']: 401 Unauthorized
32 - Could not authenticate you
2026-04-07 20:00:53,266 - log - ERROR - Failed to upload media: ['assets/whiterose.png']: 401 Unauthorized
32 - Could not authenticate you
2026-04-07 22:00:55,456 - log - ERROR - Failed to upload media: ['assets/whiterose_jl_part_2_staring_at_each_other.jpeg']: 401 Unauthorized
32 - Could not authenticate you
2026-04-08 00:00:56,936 - log - ERROR - Failed to upload media: ['assets/whiterose_v9_chess_battle.jpg']: 401 Unauthorized
32 - Could not authenticate you
2026-04-08 02:00:49,625 - log - ERROR - Failed to upload media: ['assets/whiterose_volume_6_opening.jpeg']: 401 Unauthorized
32 - Could not authenticate you
2026-04-08 04:00:52,404 - log - ERROR - Failed to upload media: ['assets/whiterose_v7_appearing_from_behind_a_column.gif']: 401 Unauthorized
32 - Could not authenticate you
2026-04-08 06:00:54,960 - log - ERROR - Failed to upload media: ['assets/whiterose_v7_appearing_from_behind_a_column.gif']: 401 Unauthorized
32 - Could not authenticate you
2026-04-08 08:00:58,434 - log - ERROR - Failed to upload media: ['assets/whiterose_v6_weiss_looking_at_ruby_softly.gif']: 401 Unauthorized
32 - Could not authenticate you
2026-04-08 10:00:54,667 - log - ERROR - Failed to upload media: ['assets/whiterose_kiss.gif']: 401 Unauthorized
32 - Could not authenticate you
2026-04-08 12:00:53,446 - log - ERROR - Failed to upload media: ['assets/whiterose_v6_opening_running.gif']: 401 Unauthorized
32 - Could not authenticate you
2026-04-08 14:00:54,540 - log - ERROR - Failed to upload media: ['assets/whiterose_kiss.gif']: 401 Unauthorized
32 - Could not authenticate you
2026-04-08 16:01:08,410 - log - ERROR - Failed to upload media: ['assets/whiterose.png']: 401 Unauthorized
32 - Could not authenticate you
2026-04-08 18:01:24,994 - log - ERROR - Failed to upload media: ['assets/whiterose_v9_ruby_smiling_and_weiss_hand.jpeg']: 401 Unauthorized
32 - Could not authenticate you
2026-04-08 20:00:51,176 - log - ERROR - Failed to upload media: ['assets/whiterose_chibi_opening.jpeg']: 401 Unauthorized
32 - Could not authenticate you
2026-04-08 22:00:50,880 - log - ERROR - Failed to upload media: ['assets/whiterose_hugging_and_crying_v1.gif']: 401 Unauthorized
32 - Could not authenticate you
2026-04-09 00:00:56,630 - log - ERROR - Failed to upload media: ['assets/whiterose_v9_angst_weiss???.mp4']: 401 Unauthorized
32 - Could not authenticate you
2026-04-09 02:00:53,107 - log - ERROR - Failed to upload media: ['assets/whiterose_holding_hands.png']: 401 Unauthorized
32 - Could not authenticate you
2026-04-09 04:00:48,931 - log - ERROR - Failed to upload media: ['assets/whiterose_ice_queendom_foodfight.gif']: 401 Unauthorized
32 - Could not authenticate you
2026-04-09 06:00:51,987 - log - ERROR - Failed to upload media: ['assets/ShesAHazardToMyHealth.png']: 401 Unauthorized
32 - Could not authenticate you
2026-04-09 08:00:55,481 - log - ERROR - Failed to upload media: ['assets/whiterose_v6_opening_ruby_saving_weiss.gif']: 401 Unauthorized
32 - Could not authenticate you
2026-04-09 10:00:51,923 - log - ERROR - Failed to upload media: ['assets/whiterose_comforting_each_other.gif']: 401 Unauthorized
32 - Could not authenticate you
2026-04-09 12:00:59,449 - log - ERROR - Failed to upload media: ['assets/whiterose_first_meeting_ruby_fingers.gif']: 401 Unauthorized
32 - Could not authenticate you
2026-04-09 14:00:55,673 - log - ERROR - Failed to upload media: ['assets/whiterose_good_night.gif']: 401 Unauthorized
32 - Could not authenticate you
2026-04-09 16:00:53,549 - log - ERROR - Failed to upload media: ['assets/whiterose_good_night.gif']: 401 Unauthorized
32 - Could not authenticate you
2026-04-09 18:00:52,626 - log - ERROR - Failed to upload media: ['assets/whiterose_angst_v8.mp4']: 401 Unauthorized
32 - Could not authenticate you
2026-04-09 20:00:49,556 - log - ERROR - Failed to upload media: ['assets/whiterose_on_a_dinosaur_with_a_rainbow.jpeg']: 401 Unauthorized
32 - Could not authenticate you
2026-04-09 22:00:57,164 - log - ERROR - Failed to upload media: ['assets/whiterose_chibi_ask_your_cake_butler.mp4']: 401 Unauthorized
32 - Could not authenticate you
2026-04-10 00:00:56,449 - log - ERROR - Failed to upload media: ['assets/whiterose_hug_jl_part_2_ending.jpg']: 401 Unauthorized
32 - Could not authenticate you
2026-04-10 02:00:56,268 - log - ERROR - Failed to upload media: ['assets/whiterose_jl_part_2_staring_at_each_other.jpeg']: 401 Unauthorized
32 - Could not authenticate you
2026-04-10 04:00:51,233 - log - ERROR - Failed to upload media: ['assets/whiterose_hugging_and_crying_v1.gif']: 401 Unauthorized
32 - Could not authenticate you
2026-04-10 06:00:51,690 - log - ERROR - Failed to upload media: ['assets/whiterose_sulemio/whiterose_sulemio.jpg']: 401 Unauthorized
32 - Could not authenticate you
2026-04-10 08:00:56,110 - log - ERROR - Failed to upload media: ['assets/whiterose_weiss???_ruby???.mp4']: 401 Unauthorized
32 - Could not authenticate you
2026-04-10 10:00:51,553 - log - ERROR - Failed to upload media: ['assets/whiterose.png']: 401 Unauthorized
32 - Could not authenticate you
2026-04-10 12:00:59,069 - log - ERROR - Failed to upload media: ['assets/whiterose_v6_opening_ruby_saving_weiss.gif']: 401 Unauthorized
32 - Could not authenticate you
2026-04-10 14:00:52,091 - log - ERROR - Failed to upload media: ['assets/whiterose_jl_part_1_hug/whiterose_ruby_sparkling_eyes_glad_to_see_weiss.jpeg', 'assets/whiterose_jl_part_1_hug/whiterose_justice_league_jump_hug.jpeg', 'assets/whiterose_jl_part_1_hug/whiterose_justice_league_hug.jpeg', 'assets/whiterose_jl_part_1_hug/whiterose_jl_part_1_hug_weiss_with_closed_eyes.jpeg']: 401 Unauthorized
32 - Could not authenticate you
2026-04-10 16:00:56,072 - log - ERROR - Failed to upload media: ['assets/whiterose_hugging_and_crying_v1.gif']: 401 Unauthorized
32 - Could not authenticate you
2026-04-10 18:00:52,912 - log - ERROR - Failed to upload media: ['assets/whiterose_v6_sliding_in_to_the_screen_from_the_left.gif']: 401 Unauthorized
32 - Could not authenticate you
2026-04-10 20:00:50,468 - log - ERROR - Failed to upload media: ['assets/whiterose_jl_part_1_hug/whiterose_ruby_sparkling_eyes_glad_to_see_weiss.jpeg', 'assets/whiterose_jl_part_1_hug/whiterose_justice_league_jump_hug.jpeg', 'assets/whiterose_jl_part_1_hug/whiterose_justice_league_hug.jpeg', 'assets/whiterose_jl_part_1_hug/whiterose_jl_part_1_hug_weiss_with_closed_eyes.jpeg']: 401 Unauthorized
32 - Could not authenticate you
2026-04-10 22:00:56,498 - log - ERROR - Failed to upload media: ['assets/whiterose_v3_holding_hands.gif']: 401 Unauthorized
32 - Could not authenticate you
2026-04-11 00:00:52,690 - log - ERROR - Failed to upload media: ['assets/whiterose_chibi_silly.gif']: 401 Unauthorized
32 - Could not authenticate you
2026-04-11 02:00:49,813 - log - ERROR - Failed to upload media: ['assets/whiterose_weiss_spinning_ruby.gif']: 401 Unauthorized
32 - Could not authenticate you
2026-04-11 04:00:51,226 - log - ERROR - Failed to upload media: ['assets/whiterose_coffee.jpeg']: 401 Unauthorized
32 - Could not authenticate you
2026-04-11 06:00:49,057 - log - ERROR - Failed to upload media: ['assets/whiterose_v3_holding_hands.gif']: 401 Unauthorized
32 - Could not authenticate you
2026-04-11 08:00:50,624 - log - ERROR - Failed to upload media: ['assets/whiterose_volume_6_opening.jpeg']: 401 Unauthorized
32 - Could not authenticate you
2026-04-11 10:00:55,237 - log - ERROR - Failed to upload media: ['assets/whiterose_v6_opening_with_petals.gif']: 401 Unauthorized
32 - Could not authenticate you
2026-04-11 12:00:48,027 - log - ERROR - Failed to upload media: ['assets/whiterose_v3_holding_hands.gif']: 401 Unauthorized
32 - Could not authenticate you
2026-04-11 14:00:50,600 - log - ERROR - Failed to upload media: ['assets/whiterose_chibi_opening.jpeg']: 401 Unauthorized
32 - Could not authenticate you
2026-04-11 16:00:50,080 - log - ERROR - Failed to upload media: ['assets/whiterose_angst_v8.mp4']: 401 Unauthorized
32 - Could not authenticate you
2026-04-11 18:00:54,094 - log - ERROR - Failed to upload media: ['assets/whiterose_v5_rwby_group_hug.gif']: 401 Unauthorized
32 - Could not authenticate you
2026-04-11 20:00:47,881 - log - ERROR - Failed to upload media: ['assets/whiterose_perfection/perfection.png', 'assets/whiterose_volume_6_opening.jpeg', 'assets/WhiteRoseTipsPoint.jpg', 'assets/whiterose_jl_part_2_staring_at_each_other.jpeg']: 401 Unauthorized
32 - Could not authenticate you
2026-04-11 22:00:51,967 - log - ERROR - Failed to upload media: ['assets/whiterose_v9_angst_weiss???.mp4']: 401 Unauthorized
32 - Could not authenticate you
2026-04-12 00:00:55,831 - log - ERROR - Failed to upload media: ['assets/whiterose_v7_atlas_looking_at_each_other.png']: 401 Unauthorized
32 - Could not authenticate you
2026-04-12 02:00:48,656 - log - ERROR - Failed to upload media: ['assets/whiterose_v7.webp']: 401 Unauthorized
32 - Could not authenticate you
2026-04-12 04:00:53,959 - log - ERROR - Failed to upload media: ['assets/whiterose_first_meeting_ruby_fingers.gif']: 401 Unauthorized
32 - Could not authenticate you
2026-04-12 06:00:50,371 - log - ERROR - Failed to upload media: ['assets/whiterose_v9_chess_battle.jpg']: 401 Unauthorized
32 - Could not authenticate you
2026-04-12 08:00:50,981 - log - ERROR - Failed to upload media: ['assets/ShesAHazardToMyHealth.png']: 401 Unauthorized
32 - Could not authenticate you
2026-04-12 10:00:50,834 - log - ERROR - Failed to upload media: ['assets/whiterose_shocked_v6/whiterose_shocked_1.png', 'assets/whiterose_shocked_v6/whiterose_shocked_2.png']: 401 Unauthorized
32 - Could not authenticate you
2026-04-12 12:00:52,524 - log - ERROR - Failed to upload media: ['assets/whiterose_volume_6_opening.jpeg']: 401 Unauthorized
32 - Could not authenticate you
2026-04-12 14:00:49,374 - log - ERROR - Failed to upload media: ['assets/whiterose_volume_6_opening.jpeg']: 401 Unauthorized
32 - Could not authenticate you
2026-04-12 16:00:52,949 - log - ERROR - Failed to upload media: ['assets/whiterose_coffee.jpeg']: 401 Unauthorized
32 - Could not authenticate you
2026-04-12 18:00:52,138 - log - ERROR - Failed to upload media: ['assets/whiterose_holding_hands.png']: 401 Unauthorized
32 - Could not authenticate you
2026-04-12 20:00:52,993 - log - ERROR - Failed to upload media: ['assets/whiterose_holding_hands.png']: 401 Unauthorized
32 - Could not authenticate you
2026-04-12 22:00:52,221 - log - ERROR - Failed to upload media: ['assets/whiterose_standing_up_in_v6_opening.gif']: 401 Unauthorized
32 - Could not authenticate you
2026-04-13 00:00:55,469 - log - ERROR - Failed to upload media: ['assets/whiterose_v7_atlas_looking_at_each_other.png']: 401 Unauthorized
32 - Could not authenticate you
2026-04-13 02:00:48,568 - log - ERROR - Failed to upload media: ['assets/whiterose_v6_in_the_village_brunswick_farms.gif']: 401 Unauthorized
32 - Could not authenticate you
2026-04-13 04:00:52,575 - log - ERROR - Failed to upload media: ['assets/whiterose_v6_sliding_in_to_the_screen_from_the_left.gif']: 401 Unauthorized
32 - Could not authenticate you
2026-04-13 06:00:53,651 - log - ERROR - Failed to upload media: ['assets/whiterose_good_night.gif']: 401 Unauthorized
32 - Could not authenticate you
2026-04-13 08:00:54,121 - log - ERROR - Failed to upload media: ['assets/whiterose_v6_opening_ruby_saving_weiss.gif']: 401 Unauthorized
32 - Could not authenticate you
2026-04-13 10:00:54,999 - log - ERROR - Failed to upload media: ['assets/whiterose_v9_ruby_smiling_and_weiss_hand.jpeg']: 401 Unauthorized
32 - Could not authenticate you
2026-04-13 12:00:52,750 - log - ERROR - Failed to upload media: ['assets/whiterose_ruby_swag.png']: 401 Unauthorized
32 - Could not authenticate you
2026-04-13 14:00:57,170 - log - ERROR - Failed to upload media: ['assets/whiterose_weiss_smiling_at_ruby_and_ruby_hand_on_weiss_shoulder.gif']: 401 Unauthorized
32 - Could not authenticate you
2026-04-13 16:00:58,787 - log - ERROR - Failed to upload media: ['assets/whiterose.png']: 401 Unauthorized
32 - Could not authenticate you
2026-04-13 18:00:59,800 - log - ERROR - Failed to upload media: ['assets/whiterose_v7_atlas_looking_at_each_other.png']: 401 Unauthorized
32 - Could not authenticate you
2026-04-13 20:00:52,615 - log - ERROR - Failed to upload media: ['assets/whiterose_comforting_each_other.gif']: 401 Unauthorized
32 - Could not authenticate you
2026-04-13 22:00:54,896 - log - ERROR - Failed to upload media: ['assets/whiterose_on_a_dinosaur_with_a_rainbow.jpeg']: 401 Unauthorized
32 - Could not authenticate you
2026-04-14 00:00:52,536 - log - ERROR - Failed to upload media: ['assets/whiterose_weiss_what_do_you_think_ruby_i_am_still_gay.jpeg']: 401 Unauthorized
32 - Could not authenticate you
2026-04-14 02:00:51,209 - log - ERROR - Failed to upload media: ['assets/whiterose.png']: 401 Unauthorized
32 - Could not authenticate you
2026-04-14 04:00:50,369 - log - ERROR - Failed to upload media: ['assets/whiterose_v6_in_the_village_brunswick_farms.gif']: 401 Unauthorized
32 - Could not authenticate you
2026-04-14 06:00:51,202 - log - ERROR - Failed to upload media: ['assets/whiterose_angst_v8.mp4']: 401 Unauthorized
32 - Could not authenticate you
2026-04-14 08:00:55,163 - log - ERROR - Failed to upload media: ['assets/whiterose_volume_7.jpeg']: 401 Unauthorized
32 - Could not authenticate you
2026-04-14 10:00:56,075 - log - ERROR - Failed to upload media: ['assets/ShesAHazardToMyHealth.png']: 401 Unauthorized
32 - Could not authenticate you
2026-04-14 12:00:55,018 - log - ERROR - Failed to upload media: ['assets/WhiteRoseTipsPoint.jpg']: 401 Unauthorized
32 - Could not authenticate you
2026-04-14 14:00:55,911 - log - ERROR - Failed to upload media: ['assets/whiterose_volume_6_opening.jpeg']: 401 Unauthorized
32 - Could not authenticate you
2026-04-14 16:00:58,885 - log - ERROR - Failed to upload media: ['assets/whiterose_comforting_each_other.gif']: 401 Unauthorized
32 - Could not authenticate you
2026-04-14 18:00:54,800 - log - ERROR - Failed to upload media: ['assets/whiterose_pencils.jpg']: 401 Unauthorized
32 - Could not authenticate you
2026-04-14 20:00:54,164 - log - ERROR - Failed to upload media: ['assets/whiterose_weiss_what_do_you_think_ruby_i_am_still_gay.jpeg']: 401 Unauthorized
32 - Could not authenticate you
2026-04-14 22:00:52,914 - log - ERROR - Failed to upload media: ['assets/whiterose_good_night.gif']: 401 Unauthorized
32 - Could not authenticate you
2026-04-15 00:01:06,560 - log - ERROR - Failed to upload media: ['assets/whiterose_chibi_opening.jpeg']: 401 Unauthorized
32 - Could not authenticate you
2026-04-15 02:00:51,723 - log - ERROR - Failed to upload media: ['assets/ShesAHazardToMyHealth.png']: 401 Unauthorized
32 - Could not authenticate you
2026-04-15 04:00:49,583 - log - ERROR - Failed to upload media: ['assets/whiterose_v6_in_the_village_brunswick_farms.gif']: 401 Unauthorized
32 - Could not authenticate you
2026-04-15 06:00:49,994 - log - ERROR - Failed to upload media: ['assets/whiterose_v6_opening_ruby_saving_weiss.gif']: 401 Unauthorized
32 - Could not authenticate you
2026-04-15 08:00:56,722 - log - ERROR - Failed to upload media: ['assets/whiterose_combat_ready.gif']: 401 Unauthorized
32 - Could not authenticate you
2026-04-15 10:00:52,253 - log - ERROR - Failed to upload media: ['assets/whiterose_v9_angst_weiss???.mp4']: 401 Unauthorized
32 - Could not authenticate you
2026-04-15 12:00:52,234 - log - ERROR - Failed to upload media: ['assets/whiterose_v3_boop.gif']: 401 Unauthorized
32 - Could not authenticate you
2026-04-15 14:00:52,628 - log - ERROR - Failed to upload media: ['assets/whiterose_jl_part_2_staring_at_each_other.jpeg']: 401 Unauthorized
32 - Could not authenticate you
2026-04-15 16:00:56,665 - log - ERROR - Failed to upload media: ['assets/whiterose_friendship_bracelets.jpeg']: 401 Unauthorized
32 - Could not authenticate you
2026-04-15 18:00:51,659 - log - ERROR - Failed to upload media: ['assets/whiterose_volume_6_opening.jpeg']: 401 Unauthorized
32 - Could not authenticate you
2026-04-15 20:00:52,189 - log - ERROR - Failed to upload media: ['assets/whiterose_storyboard_clip/whiterose_storyboard_clip_0.png', 'assets/whiterose_storyboard_clip/whiterose_storyboard_clip_1.png', 'assets/whiterose_storyboard_clip/whiterose_storyboard_clip_2.png']: 401 Unauthorized
32 - Could not authenticate you
2026-04-15 22:00:54,160 - log - ERROR - Failed to upload media: ['assets/whiterose_v3_holding_hands.gif']: 401 Unauthorized
32 - Could not authenticate you
2026-04-16 00:00:54,522 - log - ERROR - Failed to upload media: ['assets/whiterose_get_whiterosed_lmao.gif']: 401 Unauthorized
32 - Could not authenticate you
2026-04-16 02:00:53,832 - log - ERROR - Failed to upload media: ['assets/whiterose_v6_opening_ruby_saving_weiss.gif']: 401 Unauthorized
32 - Could not authenticate you
2026-04-16 04:00:48,054 - log - ERROR - Failed to upload media: ['assets/whiterose_ice_queendom_foodfight.gif']: 401 Unauthorized
32 - Could not authenticate you
2026-04-16 06:00:50,684 - log - ERROR - Failed to upload media: ['assets/WhiteRoseTipsPoint.jpg']: 401 Unauthorized
32 - Could not authenticate you
2026-04-16 08:00:51,564 - log - ERROR - Failed to upload media: ['assets/whiterose_pencils/whiterose_pencils.jpg']: 401 Unauthorized
32 - Could not authenticate you
2026-04-16 10:00:55,017 - log - ERROR - Failed to upload media: ['assets/whiterose_coffee.jpeg']: 401 Unauthorized
32 - Could not authenticate you
2026-04-16 12:00:51,459 - log - ERROR - Failed to upload media: ['assets/whiterose_coffee.jpeg']: 401 Unauthorized
32 - Could not authenticate you
2026-04-16 14:00:53,993 - log - ERROR - Failed to upload media: ['assets/whiterose_chibi_opening.jpeg']: 401 Unauthorized
32 - Could not authenticate you
2026-04-16 16:01:06,798 - log - ERROR - Failed to upload media: ['assets/whiterose_standing_up_in_v6_opening.gif']: 401 Unauthorized
32 - Could not authenticate you
2026-04-16 18:00:53,490 - log - ERROR - Failed to upload media: ['assets/whiterose_v3_holding_hands.gif']: 401 Unauthorized
32 - Could not authenticate you
2026-04-16 20:00:50,760 - log - ERROR - Failed to upload media: ['assets/whiterose_storyboard_clip/whiterose_storyboard_clip_0.png', 'assets/whiterose_storyboard_clip/whiterose_storyboard_clip_1.png', 'assets/whiterose_storyboard_clip/whiterose_storyboard_clip_2.png']: 401 Unauthorized
32 - Could not authenticate you
2026-04-16 22:00:52,922 - log - ERROR - Failed to upload media: ['assets/whiterose_v7.webp']: 401 Unauthorized
32 - Could not authenticate you
2026-04-17 00:00:57,973 - log - ERROR - Failed to upload media: ['assets/whiterose_v3_holding_hands.gif']: 401 Unauthorized
32 - Could not authenticate you
2026-04-17 02:00:52,373 - log - ERROR - Failed to upload media: ['assets/whiterose_you_re_too_cute_not_to_bother.gif']: 401 Unauthorized
32 - Could not authenticate you
2026-04-17 04:00:50,624 - log - ERROR - Failed to upload media: ['assets/whiterose.png']: 401 Unauthorized
32 - Could not authenticate you
2026-04-17 06:00:55,605 - log - ERROR - Failed to upload media: ['assets/whiterose_v6_sliding_in_to_the_screen_from_the_left.gif']: 401 Unauthorized
32 - Could not authenticate you
2026-04-17 08:00:49,214 - log - ERROR - Failed to upload media: ['assets/whiterose_v3_boop.gif']: 401 Unauthorized
32 - Could not authenticate you
2026-04-17 10:00:51,712 - log - ERROR - Failed to upload media: ['assets/whiterose_v9_ruby_smiling_and_weiss_hand.jpeg']: 401 Unauthorized
32 - Could not authenticate you
2026-04-17 12:00:51,348 - log - ERROR - Failed to upload media: ['assets/whiterose_v6_sliding_in_to_the_screen_from_the_left.gif']: 401 Unauthorized
32 - Could not authenticate you
2026-04-17 14:00:54,772 - log - ERROR - Failed to upload media: ['assets/WhiteRoseTipsPoint.jpg']: 401 Unauthorized
32 - Could not authenticate you
2026-04-17 16:00:56,728 - log - ERROR - Failed to upload media: ['assets/whiterose_perfection/perfection.png', 'assets/whiterose_v9_chess_battle.jpg', 'assets/whiterose_v9_before_comforting_each_other_in_v9.jpg', 'assets/whiterose_v7.webp']: 401 Unauthorized
32 - Could not authenticate you
2026-04-17 18:00:52,463 - log - ERROR - Failed to upload media: ['assets/whiterose_first_meeting_ruby_fingers.gif']: 401 Unauthorized
32 - Could not authenticate you
2026-04-17 20:00:50,125 - log - ERROR - Failed to upload media: ['assets/whiterose_v3_boop.gif']: 401 Unauthorized
32 - Could not authenticate you
2026-04-17 22:00:52,661 - log - ERROR - Failed to upload media: ['assets/whiterose_hug_jl_part_2_ending.jpg']: 401 Unauthorized
32 - Could not authenticate you
2026-04-18 00:00:52,459 - log - ERROR - Failed to upload media: ['assets/whiterose_v7_???.mp4']: 401 Unauthorized
32 - Could not authenticate you
2026-04-18 02:00:47,262 - log - ERROR - Failed to upload media: ['assets/whiterose_weiss_spinning_ruby.gif']: 401 Unauthorized
32 - Could not authenticate you
2026-04-18 04:00:51,794 - log - ERROR - Failed to upload media: ['assets/whiterose_v6_weiss_catches_ruby.gif']: 401 Unauthorized
32 - Could not authenticate you
2026-04-18 06:00:51,961 - log - ERROR - Failed to upload media: ['assets/whiterose_ruby_talking_to_weiss_v6.gif']: 401 Unauthorized
32 - Could not authenticate you
2026-04-18 08:00:46,878 - log - ERROR - Failed to upload media: ['assets/whiterose_v1_meeting.gif']: 401 Unauthorized
32 - Could not authenticate you
2026-04-18 10:00:50,164 - log - ERROR - Failed to upload media: ['assets/whiterose_weiss_what_do_you_think_ruby_i_am_still_gay.jpeg']: 401 Unauthorized
32 - Could not authenticate you
2026-04-18 12:00:48,646 - log - ERROR - Failed to upload media: ['assets/whiterose_v7_atlas_looking_at_each_other.png']: 401 Unauthorized
32 - Could not authenticate you
2026-04-18 14:00:48,109 - log - ERROR - Failed to upload media: ['assets/whiterose_v5_rwby_group_hug.gif']: 401 Unauthorized
32 - Could not authenticate you
2026-04-18 16:00:49,338 - log - ERROR - Failed to upload media: ['assets/whiterose_kiss.gif']: 401 Unauthorized
32 - Could not authenticate you
2026-04-18 18:00:48,768 - log - ERROR - Failed to upload media: ['assets/whiterose_weiss_what_do_you_think_ruby_i_am_still_gay.jpeg']: 401 Unauthorized
32 - Could not authenticate you
2026-04-18 20:00:46,986 - log - ERROR - Failed to upload media: ['assets/whiterose_weiss_spinning_ruby.gif']: 401 Unauthorized
32 - Could not authenticate you
2026-04-18 22:00:54,605 - log - ERROR - Failed to upload media: ['assets/whiterose_kiss.gif']: 401 Unauthorized
32 - Could not authenticate you
2026-04-19 00:00:52,355 - log - ERROR - Failed to upload media: ['assets/whiterose_on_a_dinosaur_with_a_rainbow.jpeg']: 401 Unauthorized
32 - Could not authenticate you
2026-04-19 02:00:49,872 - log - ERROR - Failed to upload media: ['assets/whiterose_storyboard_clip/whiterose_storyboard_clip_0.png', 'assets/whiterose_storyboard_clip/whiterose_storyboard_clip_1.png', 'assets/whiterose_storyboard_clip/whiterose_storyboard_clip_2.png']: 401 Unauthorized
32 - Could not authenticate you
2026-04-19 04:00:50,693 - log - ERROR - Failed to upload media: ['assets/whiterose_hug_jl_part_2_ending.jpg']: 401 Unauthorized
32 - Could not authenticate you
2026-04-19 06:00:47,978 - log - ERROR - Failed to upload media: ['assets/whiterose_v6_opening_ruby_saving_weiss.gif']: 401 Unauthorized
32 - Could not authenticate you
2026-04-19 08:00:49,132 - log - ERROR - Failed to upload media: ['assets/whiterose_weiss_smiling_at_ruby_and_ruby_hand_on_weiss_shoulder.gif']: 401 Unauthorized
32 - Could not authenticate you
2026-04-19 10:00:49,172 - log - ERROR - Failed to upload media: ['assets/whiterose_coffee.jpeg']: 401 Unauthorized
32 - Could not authenticate you
2026-04-19 12:00:49,914 - log - ERROR - Failed to upload media: ['assets/whiterose_v3_holding_hands.gif']: 401 Unauthorized
32 - Could not authenticate you
2026-04-19 14:00:52,007 - log - ERROR - Failed to upload media: ['assets/whiterose_v7_atlas_looking_at_each_other.png']: 401 Unauthorized
32 - Could not authenticate you
2026-04-19 16:00:51,007 - log - ERROR - Failed to upload media: ['assets/whiterose_pencils/whiterose_pencils.jpg']: 401 Unauthorized
32 - Could not authenticate you
2026-04-19 18:00:54,119 - log - ERROR - Failed to upload media: ['assets/whiterose_jl_part_2_staring_at_each_other.jpeg']: 401 Unauthorized
32 - Could not authenticate you
2026-04-19 20:00:44,832 - log - ERROR - Failed to upload media: ['assets/whiterose_v7_atlas_looking_at_each_other.png']: 401 Unauthorized
32 - Could not authenticate you
2026-04-19 22:00:57,017 - log - ERROR - Failed to upload media: ['assets/whiterose_v3_boop.gif']: 401 Unauthorized
32 - Could not authenticate you
2026-04-20 00:00:54,096 - log - ERROR - Failed to upload media: ['assets/whiterose_judging_red_prince_together.jpeg']: 401 Unauthorized
32 - Could not authenticate you
2026-04-20 02:00:51,244 - log - ERROR - Failed to upload media: ['assets/whiterose_storyboard_clip/whiterose_storyboard_clip_0.png', 'assets/whiterose_storyboard_clip/whiterose_storyboard_clip_1.png', 'assets/whiterose_storyboard_clip/whiterose_storyboard_clip_2.png']: 401 Unauthorized
32 - Could not authenticate you
2026-04-20 04:00:50,050 - log - ERROR - Failed to upload media: ['assets/whiterose_holding_hands.png']: 401 Unauthorized
32 - Could not authenticate you
2026-04-20 06:00:51,576 - log - ERROR - Failed to upload media: ['assets/whiterose_v3_boop.gif']: 401 Unauthorized
32 - Could not authenticate you
2026-04-20 08:00:49,702 - log - ERROR - Failed to upload media: ['assets/whiterose_soft.jpeg']: 401 Unauthorized
32 - Could not authenticate you
2026-04-20 10:00:52,353 - log - ERROR - Failed to upload media: ['assets/whiterose_justice_league_2.jpeg']: 401 Unauthorized
32 - Could not authenticate you
2026-04-20 12:00:50,476 - log - ERROR - Failed to upload media: ['assets/whiterose_judging_red_prince_together.jpeg']: 401 Unauthorized
32 - Could not authenticate you
2026-04-20 14:00:54,120 - log - ERROR - Failed to upload media: ['assets/whiterose_storyboard_clip/whiterose_storyboard_clip_0.png', 'assets/whiterose_storyboard_clip/whiterose_storyboard_clip_1.png', 'assets/whiterose_storyboard_clip/whiterose_storyboard_clip_2.png']: 401 Unauthorized
32 - Could not authenticate you
2026-04-20 16:00:57,252 - log - ERROR - Failed to upload media: ['assets/whiterose_v6_opening_ruby_saving_weiss.gif']: 401 Unauthorized
32 - Could not authenticate you
2026-04-20 18:00:54,326 - log - ERROR - Failed to upload media: ['assets/whiterose_ruby_swag.png']: 401 Unauthorized
32 - Could not authenticate you
2026-04-20 20:00:55,656 - log - ERROR - Failed to upload media: ['assets/whiterose_justice_league_2.jpeg']: 401 Unauthorized
32 - Could not authenticate you
2026-04-20 22:00:54,670 - log - ERROR - Failed to upload media: ['assets/whiterose_v9_chess_battle.jpg']: 401 Unauthorized
32 - Could not authenticate you
2026-04-21 00:00:54,648 - log - ERROR - Failed to upload media: ['assets/WhiteRoseTipsPoint.jpg']: 401 Unauthorized
32 - Could not authenticate you
2026-04-21 02:01:02,919 - log - ERROR - Failed to upload media: ['assets/whiterose_you_re_too_cute_not_to_bother.gif']: 401 Unauthorized
32 - Could not authenticate you
2026-04-21 04:00:53,487 - log - ERROR - Failed to upload media: ['assets/whiterose_crwby_art.jpeg']: 401 Unauthorized
32 - Could not authenticate you
2026-04-21 06:00:53,399 - log - ERROR - Failed to upload media: ['assets/whiterose_v6_weiss_looking_at_ruby_softly.gif']: 401 Unauthorized
32 - Could not authenticate you
2026-04-21 08:00:49,260 - log - ERROR - Failed to upload media: ['assets/whiterose_holding_hands.png']: 401 Unauthorized
32 - Could not authenticate you
2026-04-21 10:00:53,544 - log - ERROR - Failed to upload media: ['assets/whiterose_v5_rwby_group_hug.gif']: 401 Unauthorized
32 - Could not authenticate you
2026-04-21 12:00:51,538 - log - ERROR - Failed to upload media: ['assets/whiterose.png']: 401 Unauthorized
32 - Could not authenticate you
2026-04-21 14:00:54,117 - log - ERROR - Failed to upload media: ['assets/whiterose_you_re_too_cute_not_to_bother.gif']: 401 Unauthorized
32 - Could not authenticate you
2026-04-21 16:00:56,658 - log - ERROR - Failed to upload media: ['assets/WhiteRoseTipsPoint.jpg']: 401 Unauthorized
32 - Could not authenticate you
2026-04-21 18:00:51,596 - log - ERROR - Failed to upload media: ['assets/WhiteRoseTipsPoint.jpg']: 401 Unauthorized
32 - Could not authenticate you
2026-04-21 20:00:49,835 - log - ERROR - Failed to upload media: ['assets/whiterose_v9_before_comforting_each_other_in_v9.jpg']: 401 Unauthorized
32 - Could not authenticate you
2026-04-21 22:00:50,187 - log - ERROR - Failed to upload media: ['assets/whiterose_v9_bumbleby_scene_about_time.jpg']: 401 Unauthorized
32 - Could not authenticate you
2026-04-22 00:00:54,597 - log - ERROR - Failed to upload media: ['assets/whiterose_v6_opening_ruby_saving_weiss.gif']: 401 Unauthorized
32 - Could not authenticate you
2026-04-22 02:00:48,684 - log - ERROR - Failed to upload media: ['assets/whiterose_weiss???_ruby???.mp4']: 401 Unauthorized
32 - Could not authenticate you
2026-04-22 04:00:50,765 - log - ERROR - Failed to upload media: ['assets/whiterose.png']: 401 Unauthorized
32 - Could not authenticate you
2026-04-22 06:00:48,757 - log - ERROR - Failed to upload media: ['assets/whiterose_jl_part_1_hug/whiterose_ruby_sparkling_eyes_glad_to_see_weiss.jpeg', 'assets/whiterose_jl_part_1_hug/whiterose_justice_league_jump_hug.jpeg', 'assets/whiterose_jl_part_1_hug/whiterose_justice_league_hug.jpeg', 'assets/whiterose_jl_part_1_hug/whiterose_jl_part_1_hug_weiss_with_closed_eyes.jpeg']: 401 Unauthorized
32 - Could not authenticate you
2026-04-22 08:00:51,946 - log - ERROR - Failed to upload media: ['assets/whiterose_crwby_art.jpeg']: 401 Unauthorized
32 - Could not authenticate you
2026-04-22 10:00:53,695 - log - ERROR - Failed to upload media: ['assets/whiterose_friendship_bracelets.jpeg']: 401 Unauthorized
32 - Could not authenticate you
2026-04-22 12:00:52,229 - log - ERROR - Failed to upload media: ['assets/whiterose_sulemio/whiterose_sulemio.jpg']: 401 Unauthorized
32 - Could not authenticate you
2026-04-22 14:00:57,024 - log - ERROR - Failed to upload media: ['assets/whiterose_angst_v8.mp4']: 401 Unauthorized
32 - Could not authenticate you
2026-04-22 16:00:56,659 - log - ERROR - Failed to upload media: ['assets/whiterose_v9_chess_battle.jpg']: 401 Unauthorized
32 - Could not authenticate you
2026-04-22 18:00:54,838 - log - ERROR - Failed to upload media: ['assets/whiterose_you_re_too_cute_not_to_bother.gif']: 401 Unauthorized
32 - Could not authenticate you
2026-04-22 20:00:56,431 - log - ERROR - Failed to upload media: ['assets/whiterose_chibi_silly.gif']: 401 Unauthorized
32 - Could not authenticate you
2026-04-22 22:00:53,189 - log - ERROR - Failed to upload media: ['assets/whiterose_storyboard_clip/whiterose_storyboard_clip_0.png', 'assets/whiterose_storyboard_clip/whiterose_storyboard_clip_1.png', 'assets/whiterose_storyboard_clip/whiterose_storyboard_clip_2.png']: 401 Unauthorized
32 - Could not authenticate you
2026-04-23 00:00:55,927 - log - ERROR - Failed to upload media: ['assets/whiterose_v6_weiss_catches_ruby.gif']: 401 Unauthorized
32 - Could not authenticate you
2026-04-23 02:00:51,153 - log - ERROR - Failed to upload media: ['assets/whiterose_v3_boop.gif']: 401 Unauthorized
32 - Could not authenticate you
2026-04-23 04:00:51,761 - log - ERROR - Failed to upload media: ['assets/whiterose_v6_weiss_looking_at_ruby_softly.gif']: 401 Unauthorized
32 - Could not authenticate you
2026-04-23 06:00:54,219 - log - ERROR - Failed to upload media: ['assets/whiterose_comforting_each_other.gif']: 401 Unauthorized
32 - Could not authenticate you
2026-04-23 08:00:49,843 - log - ERROR - Failed to upload media: ['assets/whiterose_v6_in_the_village_brunswick_farms.gif']: 401 Unauthorized
32 - Could not authenticate you
2026-04-23 10:00:56,150 - log - ERROR - Failed to upload media: ['assets/whiterose_chibi_silly.gif']: 401 Unauthorized
32 - Could not authenticate you
2026-04-23 12:00:57,803 - log - ERROR - Failed to upload media: ['assets/whiterose_holding_hands.png']: 401 Unauthorized
32 - Could not authenticate you
2026-04-23 14:00:53,701 - log - ERROR - Failed to upload media: ['assets/whiterose_chibi_silly.gif']: 401 Unauthorized
32 - Could not authenticate you
2026-04-23 18:00:54,498 - log - ERROR - Failed to upload media: ['assets/whiterose_weiss_spinning_ruby.gif']: 401 Unauthorized
32 - Could not authenticate you
2026-04-23 20:00:54,214 - log - ERROR - Failed to upload media: ['assets/whiterose_hugging_and_crying_v1.gif']: 401 Unauthorized
32 - Could not authenticate you
